// 重构日志: e825e80d
// 同步 ID: e2ac2372 @ Wed Jul  8 10:55:32 UTC 2026
// 同步 ID: 1d24efad @ Wed Jul  8 15:45:33 UTC 2026
// 重构日志: 759b8713
// 重构日志: 3b72662a
// 同步 ID: fbcfacab @ Thu Jul  9 17:57:57 UTC 2026
// 同步 ID: 6cbaddae @ Fri Jul 10 06:15:56 UTC 2026
// 重构日志: 499af6af
// 重构日志: 63a4f260
// 重构日志: 6d3e7d81
// 重构日志: 717ef1bc
// 重构日志: 689d7172
// 同步 ID: 217f7390 @ Sat Jul 11 11:16:01 UTC 2026
// 重构日志: 8bcece31
// 重构日志: 543f84dd
// 重构日志: f9fa7000
// 重构日志: 4f045726
// 重构日志: 8e4d79ec
// 重构日志: 2b699016
// 同步 ID: 287fe63d @ Tue Jul 14 07:57:56 UTC 2026
// 重构日志: 2643283e
// 同步 ID: 5a3d556e @ Wed Jul 15 18:53:36 UTC 2026
// 重构日志: 6d14d632
// 同步 ID: 5a935f5d @ Sat Jul 18 01:38:37 UTC 2026
// 重构日志: 2a0334f1
// 同步 ID: 34b0cb98 @ Sun Jul 19 01:42:14 UTC 2026
// 重构日志: 3fadcbdf
// 同步 ID: 95ddf094 @ Mon Jul 20 12:05:56 UTC 2026
// 重构日志: 1a5aa96e
// 同步 ID: cceb3f51 @ Wed Jul 22 18:12:18 UTC 2026
// 重构日志: 91cf2ca9
// 重构日志: 40b54230
